Построение начато 10.08.2012 16:45:06.
     1>Проект "D:\Projects\Gravitation\PRO_Final\Gravitation\Gravitation.vcxproj" в узле 2 (целевые объекты Build).
     1>InitializeBuildStatus:
         Создание "Debug\Gravitation.unsuccessfulbuild", так как было задано "AlwaysCreate".
       ClCompile:
         C:\Program Files (x86)\Microsoft Visual Studio 11.0\VC\bin\CL.exe /c /ZI /nologo /W3 /WX- /Od /Oy- /D _UNICODE /D UNICODE /Gm /EHsc /RTC1 /MDd /GS /fp:precise /Zc:wchar_t /Zc:forScope /openmp /Fo"Debug\\" /Fd"Debug\vc110.pdb" /Gd /TP /analyze- /errorReport:prompt Camera.cpp
         Camera.cpp
       ResourceCompile:
         Для всех выходных данных обновления не требуется.
       Link:
         C:\Program Files (x86)\Microsoft Visual Studio 11.0\VC\bin\link.exe /ERRORREPORT:PROMPT /OUT:"D:\Projects\Gravitation\PRO_Final\Debug\Gravitation.exe" /INCREMENTAL /NOLOGO kernel32.lib user32.lib gdi32.lib winspool.lib comdlg32.lib advapi32.lib shell32.lib ole32.lib oleaut32.lib uuid.lib odbc32.lib odbccp32.lib /MANIFEST /MANIFESTUAC:"level='asInvoker' uiAccess='false'" /manifest:embed /DEBUG /PDB:"D:\Projects\Gravitation\PRO_Final\Debug\Gravitation.pdb" /TLBID:1 /DYNAMICBASE /NXCOMPAT /IMPLIB:"D:\Projects\Gravitation\PRO_Final\Debug\Gravitation.lib" /MACHINE:X86 Debug\Gravitation.res
         Debug\Camera.obj
         Debug\Control.obj
         Debug\Font.obj
         Debug\Gravitation.obj
         Debug\Init.obj
         Debug\PhysicCtrl.obj
         Debug\stdafx.obj
         Debug\Texture.obj
         DevIL.lib
         ftgl_dynamic_MT.lib
         Glaux.lib
         GLU32.LIB
         glui32.lib
         glut32.lib
         ILU.lib
         ILUT.lib
         OPENGL32.LIB
         Gravitation.vcxproj -> D:\Projects\Gravitation\PRO_Final\Debug\Gravitation.exe
       FinalizeBuildStatus:
         Файл "Debug\Gravitation.unsuccessfulbuild" удаляется.
         Обращение к "Debug\Gravitation.lastbuildstate".
     1>Построение проекта "D:\Projects\Gravitation\PRO_Final\Gravitation\Gravitation.vcxproj" завершено (целевые объекты Build).

Построение успешно завершено.

Затраченное время: 00:00:01.11
