Построение начато 10.08.2012 16:45:20.
     1>Проект "D:\Projects\Gravitation\PRO_Final\Gravitation\Gravitation.vcxproj" в узле 2 (целевые объекты Build).
     1>InitializeBuildStatus:
         Создание "Release\Gravitation.unsuccessfulbuild", так как было задано "AlwaysCreate".
       ClCompile:
         C:\Program Files (x86)\Microsoft Visual Studio 11.0\VC\bin\CL.exe /c /Imsvcp100.dll /Imsvcr100.dll /Zi /nologo /W3 /WX- /O2 /Oi /Oy- /GL /D _UNICODE /D UNICODE /GF /Gm- /EHsc /MT /GS /Gy /fp:precise /Zc:wchar_t /Zc:forScope /openmp /Fo"Release\\" /Fd"Release\vc110.pdb" /Gd /TP /analyze- /errorReport:prompt Camera.cpp
         Camera.cpp
       ResourceCompile:
         Для всех выходных данных обновления не требуется.
       Link:
         C:\Program Files (x86)\Microsoft Visual Studio 11.0\VC\bin\link.exe /ERRORREPORT:PROMPT /OUT:"D:\Projects\Gravitation\PRO_Final\Release\Gravitation.exe" /NOLOGO kernel32.lib user32.lib gdi32.lib winspool.lib comdlg32.lib advapi32.lib shell32.lib ole32.lib oleaut32.lib uuid.lib odbc32.lib odbccp32.lib /MANIFEST /MANIFESTUAC:"level='asInvoker' uiAccess='false'" /manifest:embed /DEBUG /PDB:"D:\Projects\Gravitation\PRO_Final\Release\Gravitation.pdb" /OPT:REF /OPT:ICF /LTCG /TLBID:1 /DYNAMICBASE /NXCOMPAT /IMPLIB:"D:\Projects\Gravitation\PRO_Final\Release\Gravitation.lib" /MACHINE:X86 /SAFESEH Release\Gravitation.res
         Release\Camera.obj
         Release\Control.obj
         Release\Font.obj
         Release\Gravitation.obj
         Release\Init.obj
         Release\PhysicCtrl.obj
         Release\stdafx.obj
         Release\Texture.obj
         DevIL.lib
         ftgl_dynamic_MT.lib
         Glaux.lib
         GLU32.LIB
         glui32.lib
         glut32.lib
         ILU.lib
         ILUT.lib
         OPENGL32.LIB
         Создание кода
         Создание кода завершено
         Gravitation.vcxproj -> D:\Projects\Gravitation\PRO_Final\Release\Gravitation.exe
       FinalizeBuildStatus:
         Файл "Release\Gravitation.unsuccessfulbuild" удаляется.
         Обращение к "Release\Gravitation.lastbuildstate".
     1>Построение проекта "D:\Projects\Gravitation\PRO_Final\Gravitation\Gravitation.vcxproj" завершено (целевые объекты Build).

Построение успешно завершено.

Затраченное время: 00:00:03.31
